Resource Usage Report for demo_top 

Mapping to part: m2s090tsfbga484-1
Cell usage:
CCC             1 use
CLKINT          3 uses
MSS_075         1 use
RCOSC_25_50MHZ  1 use
SYSRESET        1 use
TAMPER          1 use
CFG2           33 uses
CFG3           17 uses
CFG4           37 uses

Carry cells:
ARI1            67 uses - used for arithmetic functions


Sequential Cells: 
SLE            109 uses

DSP Blocks:    0 of 84 (0%)

I/O ports: 7
I/O primitives: 6
INBUF          1 use
OUTBUF         4 uses
TRIBUFF        1 use


Global Clock Buffers: 3 of 8 (37%)


Total LUTs:    154

Extra resources required for RAM and MACC interface logic during P&R:

RAM64x18 Interface Logic : SLEs = 0; LUTs = 0;
RAM1K18  Interface Logic : SLEs = 36; LUTs = 36;
MACC     Interface Logic : SLEs = 0; LUTs = 0;

Total number of SLEs after P&R:  109 + 0 + 36 + 0 = 145;
Total number of LUTs after P&R:  154 + 0 + 36 + 0 = 190;

