
Starting:    \\idm\tools\releases\production\Synopsys\Synplify\pc\synplify_L201609M-2_W\bin64\mbin\synbatch.exe
Install:     \\idm\tools\releases\production\Synopsys\Synplify\pc\synplify_L201609M-2_W
Hostname:    W764-KOTIPALLID
Date:        Mon Apr 03 18:15:34 2017
Version:     L-2016.09M-2

Arguments:   -product synplify_pro -licensetype synplifypro_actel -batch -log synplify.log demo_top_syn.tcl
ProductType: synplify_pro

License checkout: synplifypro_actel
License: synplifypro_actel node-locked 
Licensed Vendor: actel
License Option: actel_oem

Running in Vendor Mode


auto_infer_blackbox is not supported in current product.

log file: "F:\11.8\sf2_isp_using_uart_interface_demo_df\host_tool_and_samples\fabric_and_envm\synthesis\demo_top.srr"

Running: synthesis in foreground



Running demo_top_syn|synthesis


Running: compile (Compile) on demo_top_syn|synthesis
# Mon Apr 03 18:15:35 2017


Running: compile_flow (Compile Process) on demo_top_syn|synthesis
# Mon Apr 03 18:15:35 2017


Running: compiler (Compile Input) on demo_top_syn|synthesis
# Mon Apr 03 18:15:35 2017

Copied F:\11.8\sf2_isp_using_uart_interface_demo_df\host_tool_and_samples\fabric_and_envm\synthesis\synwork\demo_top_comp.srs to F:\11.8\sf2_isp_using_uart_interface_demo_df\host_tool_and_samples\fabric_and_envm\synthesis\demo_top.srs


compiler completed
# Mon Apr 03 18:15:39 2017

Return Code: 0
Run Time:00h:00m:04s


Running: multi_srs_gen (Multi-srs Generator) on demo_top_syn|synthesis
# Mon Apr 03 18:15:39 2017


multi_srs_gen completed
# Mon Apr 03 18:15:40 2017

Return Code: 0
Run Time:00h:00m:01s

Copied F:\11.8\sf2_isp_using_uart_interface_demo_df\host_tool_and_samples\fabric_and_envm\synthesis\synwork\demo_top_mult.srs to F:\11.8\sf2_isp_using_uart_interface_demo_df\host_tool_and_samples\fabric_and_envm\synthesis\demo_top.srs

Complete: Compile Process on demo_top_syn|synthesis


Running: premap (Pre-mapping) on demo_top_syn|synthesis
# Mon Apr 03 18:15:40 2017


premap completed with warnings
# Mon Apr 03 18:15:45 2017

Return Code: 1
Run Time:00h:00m:05s

Complete: Compile on demo_top_syn|synthesis


Running: map (Map) on demo_top_syn|synthesis
# Mon Apr 03 18:15:45 2017

License granted for 4 parallel jobs


Running: fpga_mapper (Map & Optimize) on demo_top_syn|synthesis
# Mon Apr 03 18:15:45 2017

Copied F:\11.8\sf2_isp_using_uart_interface_demo_df\host_tool_and_samples\fabric_and_envm\synthesis\synwork\demo_top_m.srm to F:\11.8\sf2_isp_using_uart_interface_demo_df\host_tool_and_samples\fabric_and_envm\synthesis\demo_top.srm


fpga_mapper completed with warnings
# Mon Apr 03 18:15:49 2017

Return Code: 1
Run Time:00h:00m:04s

Complete: Map on demo_top_syn|synthesis

Complete: Logic Synthesis on demo_top_syn|synthesis

TCL script complete: "demo_top_syn.tcl"

exit status=0

exit status=0

License checkin: synplifypro_actel

